Processing cat # 306 Business Directory , outputting to 
/home/sites/iwtucson/www/Tucson/Business Directory//abra.html using template /home/sites/iwtucson/catpages/306.tmpl

Processing cat # 23902 A , outputting to 
/home/sites/iwtucson/www/Tucson/Business Directory/A//abra.html using template /home/sites/iwtucson/catpages/306.tmpl

Processing cat # 23903 B , outputting to 
/home/sites/iwtucson/www/Tucson/Business Directory/B//abra.html using template /home/sites/iwtucson/catpages/306.tmpl

Processing cat # 23904 C , outputting to 
/home/sites/iwtucson/www/Tucson/Business Directory/C//abra.html using template /home/sites/iwtucson/catpages/306.tmpl

Processing cat # 23905 D , outputting to 
/home/sites/iwtucson/www/Tucson/Business Directory/D//abra.html using template /home/sites/iwtucson/catpages/306.tmpl

Processing cat # 23906 E , outputting to 
/home/sites/iwtucson/www/Tucson/Business Directory/E//abra.html using template /home/sites/iwtucson/catpages/306.tmpl

Processing cat # 23907 F , outputting to 
/home/sites/iwtucson/www/Tucson/Business Directory/F//abra.html using template /home/sites/iwtucson/catpages/306.tmpl

Processing cat # 23908 G , outputting to 
/home/sites/iwtucson/www/Tucson/Business Directory/G//abra.html using template /home/sites/iwtucson/catpages/306.tmpl

Processing cat # 23909 H , outputting to 
/home/sites/iwtucson/www/Tucson/Business Directory/H//abra.html using template /home/sites/iwtucson/catpages/306.tmpl

Processing cat # 23910 I , outputting to 
/home/sites/iwtucson/www/Tucson/Business Directory/I//abra.html using template /home/sites/iwtucson/catpages/306.tmpl

