PRocessing /home/sites/iwtucson/oldbiz/Accomodations.html
AZ Tourist News NOT found in db, adding 
Antler Ridge Cabins NOT found in db, adding 
Best Western Ghost Ranch NOT found in db, adding 
C.O.D. Ranch NOT found in db, adding 
Car-Mar's Southwest Bed and Breakfast NOT found in db, adding 
Casa Alegre Bed & Breakfast - Tucson, Arizona NOT found in db, adding 
Casa Tierra Adobe Bed & Breakfast Inn NOT found in db, adding 
Casa de San Pedro Bed & Breakfast NOT found in db, adding 
Casita Del Sol NOT found in db, adding 
Catalina Park Inn Bed & Breakfast NOT found in db, adding 
Chateau Sonata Suites NOT found in db, adding 
Clarion Hotel Tucson Airport NOT found in db, adding 
Cliff Manor Inn  NOT found in db, adding 
Double K Ranch B&B Homestay NOT found in db, adding 
Doubletree Guest Suites Tucson Hotel NOT found in db, adding 
Elysian Grove Market B&B NOT found in db, adding 
Hampton Inn- Tucson, Arizona NOT found in db, adding 
Knights Inn NOT found in db, adding 
La Posada Del Valle- Bed & Breakfast Inn  NOT found in db, adding 
La Tierralinda NOT found in db, adding 
Le Rendez-vous Private Bed & Breakfast NOT found in db, adding 
Marie's Engaging Bed & Breakfast NOT found in db, adding 
Natural Bed & Breakfast NOT found in db, adding 
Park Place Bed & Breakfast NOT found in db, adding 
Peppertree B & B Inn - Tucson, Arizona NOT found in db, adding 
Premier Bed and Breakfast Inns  NOT found in db, adding 
Residence Inn Tucson NOT found in db, adding 
Sunstone Guest Ranch NOT found in db, adding 
The Gadsden Hotel NOT found in db, adding 
The Mt. Lemmon Getaway NOT found in db, adding 
PRocessing /home/sites/iwtucson/oldbiz/Accounting.html
C. Forrest Davis, EA NOT found in db, adding 
Crable Parsons & Dooley, P.C. NOT found in db, adding 
David E. Sanders and Associates, Inc. NOT found in db, adding 
Oase-Stevens Accounting NOT found in db, adding 
Point Of $ale Specialists NOT found in db, adding 
PRocessing /home/sites/iwtucson/oldbiz/Adoption_Services.html
PRocessing /home/sites/iwtucson/oldbiz/Advertising.html
3D-Solutions : Innovative Software Solutions NOT found in db, adding 
AL Productions NOT found in db, adding 
Lapel Pins and More NOT found in db, adding 
Refrigerator Advertising Magnets NOT found in db, adding 
Sign-A-Rama NOT found in db, adding 
Welcome.com NOT found in db, adding 
Williams PhotoGraphics NOT found in db, adding 
All About Me! Promotions NOT found in db, adding 
L.I. Industries NOT found in db, adding 
PRocessing /home/sites/iwtucson/oldbiz/Agriculture.html
Joel Malcuit, Agronomist NOT found in db, adding 
PRocessing /home/sites/iwtucson/oldbiz/Airlines.html
Aerolitoral NOT found in db, adding 
America West Airlines NOT found in db, adding 
American Airlines  NOT found in db, adding 
Continental Airlines NOT found in db, adding 
Delta AirLines NOT found in db, adding 
Northwest Airlines NOT found in db, adding 
PRocessing /home/sites/iwtucson/oldbiz/Animals.html
Al-Marah Arabians NOT found in db, adding 
At-Home Kennels NOT found in db, adding 
CastleRock Kennels NOT found in db, adding 
Cross Creek Farms NOT found in db, adding 
Exotic Pet Enterprises NOT found in db, adding 
Fable Arabians  NOT found in db, adding 
Happy Tails Travel, Inc. NOT found in db, adding 
HidyTidy Feline Furniture NOT found in db, adding 
HorseWeb NOT found in db, adding 
Pet West NOT found in db, adding 
Scales Arizona NOT found in db, adding 
Southwest Veterinary Specialists NOT found in db, adding 
Tortolita Mountain Aviary  NOT found in db, adding 
PRocessing /home/sites/iwtucson/oldbiz/Apartments.html
Coppercrest Community NOT found in db, adding 
Equity Corporate Housing NOT found in db, adding 
Los Patios Apartment Community NOT found in db, adding 
Mesquite Grove Apartments NOT found in db, adding 
Peachtree Apartments NOT found in db, adding 
PRocessing /home/sites/iwtucson/oldbiz/Architects.html
Creative Homes NOT found in db, adding 
D. Alan Roberts Architects Inc. NOT found in db, adding 
Kevin B. Howard Architect NOT found in db, adding 
PRocessing /home/sites/iwtucson/oldbiz/Architecture_.html
Progressive C.A.D. NOT found in db, adding 
PRocessing /home/sites/iwtucson/oldbiz/Arts_and_Crafts.html
A Master Modeler - James Sherman NOT found in db, adding 
Albert Dreher Gallery NOT found in db, adding 
Amerind Art NOT found in db, adding 
Apparatus Fine Art & Furnishings NOT found in db, adding 
Arizona Emporium NOT found in db, adding 
Art Vizion Gallery NOT found in db, adding 
Artist and Illustrator Cynthia Gay Rose NOT found in db, adding 
Berryware, Inc. NOT found in db, adding 
Bovis Bead Co. NOT found in db, adding 
Covington Fine Arts NOT found in db, adding 
Cynthia E. Miller NOT found in db, adding 
Day Spring Studios NOT found in db, adding 
Desert Son NOT found in db, adding 
Dye By Fire NOT found in db, adding 
Elizabeth Cherry Contemporary Art NOT found in db, adding 
Fat Horse Gallery NOT found in db, adding 
Get to the Pointe! NOT found in db, adding 
Greg Benson - Artist NOT found in db, adding 
Hon Dah House Gallery NOT found in db, adding 
Indian Territory NOT found in db, adding 
J. Randall Harris, Multi-Media Artist  NOT found in db, adding 
Jeff Gamble automotive fine art sculpture  NOT found in db, adding 
Jungle Designs Airbrushed Art NOT found in db, adding 
Kate Cartwright's Goddess Art Products NOT found in db, adding 
Magellan Traders NOT found in db, adding 
Malkia African Art & Gifts NOT found in db, adding 
Many Nations NOT found in db, adding 
Medicine Man Gallery NOT found in db, adding 
Mexico To U Imports NOT found in db, adding 
Mo's Gallery and Fine Framing NOT found in db, adding 
Mystery Theater Productions NOT found in db, adding 
Ouroboros Stone Sculpture Gallery NOT found in db, adding 
Pink Adobe Gallery NOT found in db, adding 
Rogoway's Turquoise Tortoise NOT found in db, adding 
Sacredhome.com NOT found in db, adding 
Safra Ceramic Art NOT found in db, adding 
Salvation Art Gallery NOT found in db, adding 
Sonoran Sunsets NOT found in db, adding 
The Brown Mouse Medicine Co. NOT found in db, adding 
The Poster Warehouse NOT found in db, adding 
Tile Canvases NOT found in db, adding 
Trailside Americana Fine Art NOT found in db, adding 
Tucson Arts Brigade NOT found in db, adding 
Turquoise Eclectics NOT found in db, adding 
PRocessing /home/sites/iwtucson/oldbiz/Attorneys.html
Brown & Bain, P.A. NOT found in db, adding 
Chemaxx NOT found in db, adding 
Foor Law Corporation, P.C. NOT found in db, adding 
Hawley, Nystedt & Fletcher NOT found in db, adding 
Howard A. Chorost NOT found in db, adding 
Korn  Waterman  &  Simon,  P.C.  NOT found in db, adding 
Lawyers for Literacy NOT found in db, adding 
Martin and Abel, Attorneys At Law NOT found in db, adding 
Michael Fox, Ph.D. NOT found in db, adding 
Ogram & Teplitz, P.C.  NOT found in db, adding 
Quarles & Brady  NOT found in db, adding 
Quigley, Tang & Whitehill, P.L.C. NOT found in db, adding 
Sandoval & St. Clair, P.L.C. NOT found in db, adding 
St. Louis, Joseph P.C. NOT found in db, adding 
PRocessing /home/sites/iwtucson/oldbiz/Audio.html
A White Mountain Multimedia Co. NOT found in db, adding 
PRocessing /home/sites/iwtucson/oldbiz/Auto.html
Arizona Truck Outfitters NOT found in db, adding 
Automotive Detail Unlimited NOT found in db, adding 
Ever-Ready Glass NOT found in db, adding 
Jeff's Import Engines NOT found in db, adding 
THOR SoundWedge Speakers NOT found in db, adding 
A A DISCOUNT Auto Rental NOT found in db, adding 
Aaron Autos & Trucks NOT found in db, adding 
A & F Auto Sales NOT found in db, adding 
A Better Car.com NOT found in db, adding 
Arizona Auto Mall NOT found in db, adding 
Arizona Motorsports Group NOT found in db, adding 
Beaudry Honda NOT found in db, adding 
Cochise Motorsports, Inc. NOT found in db, adding 
Galloway CPJE NOT found in db, adding 
Lou's Auto Center NOT found in db, adding 
McJunkin Trucks NOT found in db, adding 
Orielly Auto Plaza NOT found in db, adding 
Pat Kennedy's Custom Motorcycles NOT found in db, adding 
Precision Speedway NOT found in db, adding 
Quebedeaux Pontiac - Buy online NOT found in db, adding 
RV City NOT found in db, adding 
Sierra Cycles NOT found in db, adding 
Sierra Toyota NOT found in db, adding 
The Jim Click Automotive Team NOT found in db, adding 
Wagon Wheel Products Plus NOT found in db, adding 
Watson Chevrolet NOT found in db, adding 
Creative Cycle Products NOT found in db, adding 
DIRECT PARTS INC. NOT found in db, adding 
Revolvstore: New and Used Parts for Volvos NOT found in db, adding 
Desert Sky NOT found in db, adding 
Auto Pro's NOT found in db, adding 
Bugs N' Bunnies NOT found in db, adding 
Dent Busters NOT found in db, adding 
M and J Foreign Car Repair NOT found in db, adding 
Magill's Quality Radiator NOT found in db, adding 
Palo Verde Automotive NOT found in db, adding 
Penske Auto Center NOT found in db, adding 
Perfection Auto Works  NOT found in db, adding 
Phoenix Systems NOT found in db, adding 
Prestige Automotive NOT found in db, adding 
RTS Transmission NOT found in db, adding 
Red Line Service NOT found in db, adding 
Smith-Martin Paint & Body NOT found in db, adding 
Tucson Jiffy Lube NOT found in db, adding 
PRocessing /home/sites/iwtucson/oldbiz/Aviation_.html
Aerospace Equipment Systems - Tucson NOT found in db, adding 
Arizona Flyers, Inc. NOT found in db, adding 
Buy The Best NOT found in db, adding 
Huck International Inc. NOT found in db, adding 
Innovative Flight Training NOT found in db, adding 
International Aero Components Inc. NOT found in db, adding 
Manson Company, Inc. NOT found in db, adding 
Marana Skydive Center NOT found in db, adding 
Securaplane Technologies NOT found in db, adding 
PRocessing /home/sites/iwtucson/oldbiz/Bicycles.html
PRocessing /home/sites/iwtucson/oldbiz/Books.html
Bookworms NOT found in db, adding 
Borders Books & Music NOT found in db, adding 
Connexions Unlimited Worldvision NOT found in db, adding 
Coyote Cowboy Company NOT found in db, adding 
Faith with Works Publishing Co. NOT found in db, adding 
Fisher Books NOT found in db, adding 
Janus Books, Ltd. NOT found in db, adding 
KruegerBooks NOT found in db, adding 
The Emotional Rape Syndrome NOT found in db, adding 
The Ultimate Desert Handbook NOT found in db, adding 
The University of Arizona Bookstore NOT found in db, adding 
PRocessing /home/sites/iwtucson/oldbiz/Business.html
American Society for Training and Development NOT found in db, adding 
Arizona Association of Business Brokers - AABB NOT found in db, adding 
ArtToday NOT found in db, adding 
BASA - Business Alliance of Southern Arizona NOT found in db, adding 
Benson, Arizona Chamber of Commerce NOT found in db, adding 
Chamber of Commerce - Sierra Vista NOT found in db, adding 
Community Information & Telecommunications Allianc NOT found in db, adding 
Computer Using Graphic Artists NOT found in db, adding 
Fourth Avenue Merchant's Association NOT found in db, adding 
National Association of Purchasing Management NOT found in db, adding 
The Tucson Black Chamber of Commerce NOT found in db, adding 
The Tucson Chinese Association (TCA)  NOT found in db, adding 
Tucson Business Coalition NOT found in db, adding 
Tucson Printers Association NOT found in db, adding 
the CHAMBER  NOT found in db, adding 
PRocessing /home/sites/iwtucson/oldbiz/Business_Information.html
Arizona Small Business Resource Page NOT found in db, adding 
PRocessing /home/sites/iwtucson/oldbiz/Classifieds.html
Free Market NOT found in db, adding 
InsideTucson.com Classified Ads NOT found in db, adding 
Seller-Buyer Classifieds NOT found in db, adding 
PRocessing /home/sites/iwtucson/oldbiz/Cleaning.html
A&G Custodial & Maintenance NOT found in db, adding 
Blue Lagoon Pool Service NOT found in db, adding 
Bulldog NOT found in db, adding 
Carpetman NOT found in db, adding 
Comet Cleaning and Laundry NOT found in db, adding 
Fresh Air Systems - Indoor Air Quality Professiona NOT found in db, adding 
Geekcessories NOT found in db, adding 
NatureBrite Carpet Care and More NOT found in db, adding 
Sanitary Supply Co. NOT found in db, adding 
PRocessing /home/sites/iwtucson/oldbiz/Clothing.html
Alan's Shoes, Inc. NOT found in db, adding 
Rollin'Low Clothing Company NOT found in db, adding 
Strangewear NOT found in db, adding 
Mel Nick Online Catalog NOT found in db, adding 
Capin & Co.  NOT found in db, adding 
Chic & Showing NOT found in db, adding 
Classic Wooden Belts NOT found in db, adding 
Creative Garb NOT found in db, adding 
How Sweet It Was NOT found in db, adding 
Old West Cowboy Store NOT found in db, adding 
Patriot Prints NOT found in db, adding 
PRocessing /home/sites/iwtucson/oldbiz/Collectibles.html
Regalis Glass Collectibles NOT found in db, adding 
Skycrest Products NOT found in db, adding 
The Squirrel's Nest NOT found in db, adding 
Treasure Cove NOT found in db, adding 
PRocessing /home/sites/iwtucson/oldbiz/Communications.html
AT&T Company  NOT found in db, adding 
Advanced Digital NOT found in db, adding 
Bestnetcall NOT found in db, adding 
Data Cabling Service, Inc. NOT found in db, adding 
Diamond's Communications NOT found in db, adding 
Go Wireless NOT found in db, adding 
Inter-Tel, Incorporated NOT found in db, adding 
Lean Coyote Communications NOT found in db, adding 
MCI Telecommunications Corporation NOT found in db, adding 
NuTel Communications NOT found in db, adding 
PROTEL Communications NOT found in db, adding 
Partel, Inc. NOT found in db, adding 
RLS Enterprise NOT found in db, adding 
Satellite Warehouse NOT found in db, adding 
Sprint NOT found in db, adding 
Table Top Telephone Company, Inc. NOT found in db, adding 
US West Communications                           NOT found in db, adding 
Ventura Telephone Equipment NOT found in db, adding 
PRocessing /home/sites/iwtucson/oldbiz/Community_Groups.html
Camp Wildcat NOT found in db, adding 
Casa de los Ninos NOT found in db, adding 
Knights of Columbus, Tucson Council 1200 NOT found in db, adding 
Partnership Way Center NOT found in db, adding 
Sonoran Sea Aquarium NOT found in db, adding 
Southwest Alternatives Institute, Inc.  NOT found in db, adding 
Tucson Amateur Packet Radio  NOT found in db, adding 
Tucson Computer Society NOT found in db, adding 
Tucson Habitat for Humanity  NOT found in db, adding 
PRocessing /home/sites/iwtucson/oldbiz/Computer.html
Greekcessories NOT found in db, adding 
LAPTOPS+ NOT found in db, adding 
RightFAX, Inc. NOT found in db, adding 
Ash Ware Inc.  NOT found in db, adding 
DJ's Computers & Electronics NOT found in db, adding 
ELLTX Computers NOT found in db, adding 
Insight NOT found in db, adding 
Lane's Computer Repair NOT found in db, adding 
Microwest Computers NOT found in db, adding 
Smith's PCS NOT found in db, adding 
Sonoran Scanners, Inc.  NOT found in db, adding 
Sunquest Information Systems  NOT found in db, adding 
Alcove Software, Inc NOT found in db, adding 
Apta Software, Inc. NOT found in db, adding 
Avalon Software, Inc. NOT found in db, adding 
Aviator Software, Inc.  NOT found in db, adding 
Cactus Software  NOT found in db, adding 
Computer Research & Consulting NOT found in db, adding 
ComputerLand System Support Services NOT found in db, adding 
Drofware Associates NOT found in db, adding 
Dynamic Traders Group, Inc. NOT found in db, adding 
Focus Software, Inc. NOT found in db, adding 
Green Dot Software NOT found in db, adding 
Hyperquest Inc. NOT found in db, adding 
INMASS/MRP Software for Manufacturing NOT found in db, adding 
IT Konzepte, L.L.C. NOT found in db, adding 
Internet Search Tool - Webglimpse NOT found in db, adding 
LOCSYS Inc. NOT found in db, adding 
MM Research, Inc. NOT found in db, adding 
MicroLnx NOT found in db, adding 
Polymap Systems NOT found in db, adding 
Quality America Inc. NOT found in db, adding 
ReliaSoft Corporation NOT found in db, adding 
S&S Software NOT found in db, adding 
Sales Focus, Inc. NOT found in db, adding 
Salvonix NOT found in db, adding 
Sigma Data Systems NOT found in db, adding 
TELEXIS NOT found in db, adding 
The SecureMed Companies  NOT found in db, adding 
Trade Systems Resource NOT found in db, adding 
TriMat Software & Consulting NOT found in db, adding 
PRocessing /home/sites/iwtucson/oldbiz/Construction.html
A Allstar Plumbing Company NOT found in db, adding 
Air Filtration Products, Inc. NOT found in db, adding 
Apparatus Iron Garden Ornaments NOT found in db, adding 
BFL Construction Company, Inc. NOT found in db, adding 
Brick by Bryck NOT found in db, adding 
Estes Homes NOT found in db, adding 
GTS Gas Tech NOT found in db, adding 
Heating & Cooling Supply Inc.  NOT found in db, adding 
Kachina Mobile Home Sales NOT found in db, adding 
Kamrowski Construction Co. NOT found in db, adding 
Mike Wachs Construction Company, Inc. NOT found in db, adding 
Personal Earthworks NOT found in db, adding 
Plumb-It Inc. NOT found in db, adding 
Precision Air Heating and Cooling NOT found in db, adding 
R&D Concrete Designs NOT found in db, adding 
RK Plumbing Heating Cooling and Fire Protection NOT found in db, adding 
Reflect-O-Tech International NOT found in db, adding 
Roberts Roofing Company NOT found in db, adding 
Roof Domes LLC NOT found in db, adding 
Southwest Door Co. NOT found in db, adding 
Sticky Situation NOT found in db, adding 
Sun Valley Masonry NOT found in db, adding 
SwissShade + Security,Inc. NOT found in db, adding 
Tucson Custom Sheet Metal Inc. NOT found in db, adding 
Western Land Investments NOT found in db, adding 
PRocessing /home/sites/iwtucson/oldbiz/Consulting.html
BAPU Enterprises, Inc. NOT found in db, adding 
Bottaboom Communications Consulting NOT found in db, adding 
Chemical Accident Reconstructi NOT found in db, adding 
Collaborative Consulting, Inc. NOT found in db, adding 
Communication Skills Institute NOT found in db, adding 
DataPros of AZ  NOT found in db, adding 
Dean Vesling & Associates, Inc.  NOT found in db, adding 
Facilities West, Inc. NOT found in db, adding 
Hallmark Business Consultants, Inc. NOT found in db, adding 
Innova Research LLC NOT found in db, adding 
LW Chase Associates NOT found in db, adding 
Laser Options, Inc.  NOT found in db, adding 
Profit Enhancement Group  NOT found in db, adding 
Research Corporation Technologies  NOT found in db, adding 
Steppingstones Designs NOT found in db, adding 
TRUGroup NOT found in db, adding 
The Jethro Consultancy NOT found in db, adding 
The Planning Center NOT found in db, adding 
The Working Circle NOT found in db, adding 
Tucson Technology Incubator, Inc. NOT found in db, adding 
We Finance Web Sites NOT found in db, adding 
AIS Computer Systems NOT found in db, adding 
Amigos Exchange NOT found in db, adding 
Betcom NOT found in db, adding 
CC COMPUTER CARE NOT found in db, adding 
COMPUSA - The best training option in Tucson! NOT found in db, adding 
Computer Connex, Inc. NOT found in db, adding 
Computer Technologies Unlimited NOT found in db, adding 
Daniel M. Vance & Associates NOT found in db, adding 
Data Solutions NOT found in db, adding 
DeMott Business Systems Inc. NOT found in db, adding 
Dick's Computer Concepts NOT found in db, adding 
Electronic City Inc  NOT found in db, adding 
FirstBase Software, Inc.  NOT found in db, adding 
Geographic Data Technology, Inc. NOT found in db, adding 
LiteTec  NOT found in db, adding 
New Horizons Computer Learning Center NOT found in db, adding 
NovaNet NOT found in db, adding 
On Call Computers NOT found in db, adding 
PS... Computer Consultants Inc. NOT found in db, adding 
Peter S. Ireland & Associates NOT found in db, adding 
Rent A Computer - A Division of R.A.C. TeK Inc. NOT found in db, adding 
The Training Dept. NOT found in db, adding 
Tierra Del Oro Consulting, LLC NOT found in db, adding 
WOWK design & consulting NOT found in db, adding 
Web Training & Design Solutions  NOT found in db, adding 
Xebrawerx Incorporated NOT found in db, adding 
PRocessing /home/sites/iwtucson/oldbiz/Coupons.html
PRocessing /home/sites/iwtucson/oldbiz/Distributors.html
Global Dynamics NOT found in db, adding 
PRocessing /home/sites/iwtucson/oldbiz/Editorial_Services.html
PRocessing /home/sites/iwtucson/oldbiz/Education.html
APEX Program - The University of Arizona NOT found in db, adding 
Alternative Learning Charter School NOT found in db, adding 
Carden of Tucson NOT found in db, adding 
Creative Spirit NOT found in db, adding 
Healthy Play NOT found in db, adding 
Hooked on Phonics NOT found in db, adding 
MSEA Program - University of Arizona NOT found in db, adding 
Magellan University NOT found in db, adding 
Magic Learning Systems NOT found in db, adding 
Northminster Christian Preschool NOT found in db, adding 
Southern Arizona Homeschoolers Mailing List NOT found in db, adding 
Star Academy Charter School NOT found in db, adding 
Studio 29 Theatre Lab NOT found in db, adding 
The Microbiology and Immunology Graduate Program NOT found in db, adding 
University of Arizona SLAT Ph.D. Program  NOT found in db, adding 
Wellspring Academy NOT found in db, adding 
HOTS Program  NOT found in db, adding 
Small Business Development & Training Center NOT found in db, adding 
THMEP NOT found in db, adding 
The Herzog System of Computer Keyboarding  NOT found in db, adding 
Gift for Teachers NOT found in db, adding 
Southwest Series NOT found in db, adding 
The Folded Spiral  NOT found in db, adding 
Total Marketing Services NOT found in db, adding 
Zephyr Press NOT found in db, adding 
PRocessing /home/sites/iwtucson/oldbiz/Electronics.html
Burr-Brown Corp. NOT found in db, adding 
C&D Technologies' Power Electronics NOT found in db, adding 
CAL-AV Labs, Inc. NOT found in db, adding 
Fitzgerald T.V. & Satellites NOT found in db, adding 
NightVision Systems & Manufacturing NOT found in db, adding 
Optical Electronics, Inc. NOT found in db, adding 
QED - Quality Electro-optical Devices NOT found in db, adding 
Ratelco Electronics, Inc. NOT found in db, adding 
SWS Electronics, Inc. NOT found in db, adding 
Sonotronics NOT found in db, adding 
Southwest Circuits Inc.  NOT found in db, adding 
System Specialists, Inc. NOT found in db, adding 
TUSONIX Electronic Components NOT found in db, adding 
Test Equipment Plus NOT found in db, adding 
PRocessing /home/sites/iwtucson/oldbiz/Employment.html
EAP of Tucson Inc. ( Employee Assistance Program) NOT found in db, adding 
SELECT Personnel Services NOT found in db, adding 
personnel information PLUS NOT found in db, adding 
CS ASSOCIATES, LLC NOT found in db, adding 
EZ Recruiting NOT found in db, adding 
MRI Tucson-Foothills NOT found in db, adding 
Management Recruiters of Tucson NOT found in db, adding 
Smith, Roth & Squires NOT found in db, adding 
CareerConnections NOT found in db, adding 
PRocessing /home/sites/iwtucson/oldbiz/Engineering.html
Areté Associates NOT found in db, adding 
Dan Marques Co. NOT found in db, adding 
ElectroStatic Designs NOT found in db, adding 
Etec Systems, Inc.  NOT found in db, adding 
Mechanical Engineering Design Solutions, Inc. NOT found in db, adding 
Sargent Controls & Aerospace NOT found in db, adding 
T & T Engineering NOT found in db, adding 
The Center for Hazard Information NOT found in db, adding 
Thermal Engineering of Arizona, Inc. NOT found in db, adding 
Vroom Engineering & Mfg., Inc. NOT found in db, adding 
PRocessing /home/sites/iwtucson/oldbiz/Entertainment.html
Desert Rage Band NOT found in db, adding 
Tucson Symphony Orchestra NOT found in db, adding 
Arizona Hit Mix D.J.'s NOT found in db, adding 
Clowns4kids.com Ultimate Party Entertainment  corp631 643 4FUN NOT found in db, adding 
Cox Cable NOT found in db, adding 
DUNN'S Entertainment, Inc. NOT found in db, adding 
Durastudio NOT found in db, adding 
America's Videos NOT found in db, adding 
Anubis Productions International  NOT found in db, adding 
Arizona Freelance Productions    NOT found in db, adding 
EastWest Media Productions, Inc. NOT found in db, adding 
Perry Sevey NOT found in db, adding 
Sound Innovations Recording Studio NOT found in db, adding 
PRocessing /home/sites/iwtucson/oldbiz/Environment.html
AccuCal Corporation NOT found in db, adding 
Carter Affiliates, Inc. NOT found in db, adding 
Environmental Systems Products NOT found in db, adding 
G & S Odor Control, Inc. NOT found in db, adding 
Southwest Soil Remediation, Inc.  NOT found in db, adding 
PRocessing /home/sites/iwtucson/oldbiz/Facility_Management.html
PRocessing /home/sites/iwtucson/oldbiz/Financial.html
Tucson Federal Credit Union NOT found in db, adding 
Wells Fargo/First Interstate Bank of Arizona NOT found in db, adding 
Public Adjusters NOT found in db, adding 
Drachman Leed Insurance, Inc. NOT found in db, adding 
Fidelity National Title Agency, Inc. NOT found in db, adding 
Knights of Columbus, Jim McCabe Agency NOT found in db, adding 
Oasis Insurance NOT found in db, adding 
Ron Zack Insurance NOT found in db, adding 
San Xavier Mexico Insurance NOT found in db, adding 
Yuma Insurance, Inc. NOT found in db, adding 
beinsured.com NOT found in db, adding 
LFS Capital NOT found in db, adding 
RCM Partners Tucson NOT found in db, adding 
Triple L Sales, LLC NOT found in db, adding 
Lease$mart NOT found in db, adding 
Catalina Mortgage NOT found in db, adding 
Diversified Equity Corporation  NOT found in db, adding 
Heartland Mortgages, Inc. NOT found in db, adding 
Market Street Mortgage  NOT found in db, adding 
Prime Capital, Inc. NOT found in db, adding 
The MCCALLISTER Co. NOT found in db, adding 
PRocessing /home/sites/iwtucson/oldbiz/Flowers_and_Gifts.html
1 Tucson Florist NOT found in db, adding 
Acacia Artisans NOT found in db, adding 
All Gourmet Gift Baskets NOT found in db, adding 
All Roses, Roses, Roses	 NOT found in db, adding 
American Desert Plants Inc. NOT found in db, adding 
Around the World Imports NOT found in db, adding 
Bloom Country Florist NOT found in db, adding 
Four Seasons Gifts and Baskets NOT found in db, adding 
HRC Family Coats-of-Arms NOT found in db, adding 
JoBa Unique Giftware NOT found in db, adding 
Kazzam Nature Center NOT found in db, adding 
Ladybug Flowers NOT found in db, adding 
Material Things Online Catalog NOT found in db, adding 
Mt. Lemmon Suites & Fine Crafts NOT found in db, adding 
Scentsations NOT found in db, adding 
Southwest Creations NOT found in db, adding 
Southwestern USA Treasures  NOT found in db, adding 
Sunshine in a Bottle NOT found in db, adding 
Thirstystone Resources, Inc. NOT found in db, adding 
TileArt by Donna Long NOT found in db, adding 
Tucson Trophy Co. NOT found in db, adding 
Tucson Trunk NOT found in db, adding 
PRocessing /home/sites/iwtucson/oldbiz/Food.html
A Gourmet Specialty NOT found in db, adding 
All 4 Coffee NOT found in db, adding 
PRocessing /home/sites/iwtucson/oldbiz/Food_Specialties.html
Mr. Beer Products, Inc. NOT found in db, adding 
Stout's Cider Mill NOT found in db, adding 
Santa Cruz Valley Orchards NOT found in db, adding 
Grandma Tony's Pizza - Tucson, Arizona NOT found in db, adding 
AEM, Inc. NOT found in db, adding 
El Pueblo Viejo, Ltd./The Salsa Site  NOT found in db, adding 
Mobile Meals of Tucson NOT found in db, adding 
Flavorbank Co., Inc. NOT found in db, adding 
New Harvest Organics NOT found in db, adding 
Promez Mesquite NOT found in db, adding 
PRocessing /home/sites/iwtucson/oldbiz/Franchises.html
Perma-Glaze Inc. NOT found in db, adding 
Power Mail NOT found in db, adding 
PRocessing /home/sites/iwtucson/oldbiz/Fund_Raising.html
PRocessing /home/sites/iwtucson/oldbiz/Funerals.html
PRocessing /home/sites/iwtucson/oldbiz/Furniture.html
Barrows Furniture, Tucson and Prescott, AZ NOT found in db, adding 
Creative Quail Furniture NOT found in db, adding 
Dorson's Home Interiors NOT found in db, adding 
Goodman's Office Furniture NOT found in db, adding 
LeatherWood - Inlaid Wood Tables & Clocks  NOT found in db, adding 
ModernHome NOT found in db, adding 
Ozark West Kitchen Accessories NOT found in db, adding 
PRocessing /home/sites/iwtucson/oldbiz/Genealogy.html
PRocessing /home/sites/iwtucson/oldbiz/Graphics.html
AlphaGraphics Inc  NOT found in db, adding 
Alphagraphics #31 Tucson, AZ NOT found in db, adding 
Computer Philes   NOT found in db, adding 
Dixie Fried Graphic Design NOT found in db, adding 
GeoGRAFX NOT found in db, adding 
Graphic Systems Inc. NOT found in db, adding 
KEN Graphic NOT found in db, adding 
MainStay Communications NOT found in db, adding 
SciGraphics NOT found in db, adding 
ShadowBox Media NOT found in db, adding 
PRocessing /home/sites/iwtucson/oldbiz/Hair_Salons.html
The Coyote Wore Sideburns NOT found in db, adding 
PRocessing /home/sites/iwtucson/oldbiz/Health.html
Something More Adult Care Home NOT found in db, adding 
Hearing Innovations Incorporated NOT found in db, adding 
Lifestyle Hearing NOT found in db, adding 
BIOS Biochemicals NOT found in db, adding 
Biomedical Diagnostics & Research, Inc NOT found in db, adding 
Precision-cut tissue slices by Vitron NOT found in db, adding 
The Oschmann Organization NOT found in db, adding 
Bonnie Prudden Pain Erasure NOT found in db, adding 
FIT Express NOT found in db, adding 
Herbs Online NOT found in db, adding 
Pam Germain - Fitness Consultant NOT found in db, adding 
Unique Fitness Training NOT found in db, adding 
Yoga Inside and Out-Chakra Yoga Videos NOT found in db, adding 
Arizona Mobility Center NOT found in db, adding 
Wells Johnson Company NOT found in db, adding 
Desert Surgical Supply NOT found in db, adding 
Sierra Laboratories, Inc. NOT found in db, adding 
Amity - Substance Abuse Recovery NOT found in db, adding 
Healthy Mind Tucson NOT found in db, adding 
Sierra Tucson, Inc. NOT found in db, adding 
Teens In Crisis Referral Network NOT found in db, adding 
PRocessing /home/sites/iwtucson/oldbiz/Health_Care.html
Old Pueblo Anesthesia, PC Tucson AZ NOT found in db, adding 
La Posada Retirement Community NOT found in db, adding 
Personnel-Devon Gables Health Care Center  NOT found in db, adding 
Country Club Chiropractic NOT found in db, adding 
Dr. Susan Wenberg, Chiropractic Physician NOT found in db, adding 
SpineWORKS NOT found in db, adding 
The Tucson Chiropractic Center NOT found in db, adding 
Kenneth L. Reed D.M.D. NOT found in db, adding 
Pepper Enterprises, Inc. NOT found in db, adding 
Roger B. Anderson, DMD NOT found in db, adding 
Hacienda Rabago  NOT found in db, adding 
Life Concerns NOT found in db, adding 
Nursing Service, Inc. NOT found in db, adding 
University of Arizona Campus Health Service NOT found in db, adding 
Tucson Eye Care NOT found in db, adding 
Crum, Robert E. DDS   NOT found in db, adding 
AMERICAHEALTH.com  NOT found in db, adding 
Arizona Center For Self Help NOT found in db, adding 
Arizona Lifeline NOT found in db, adding 
CIGNA HealthCare  NOT found in db, adding 
Eating Disorder Recovery Online NOT found in db, adding 
Health Partners NOT found in db, adding 
Integrated Infusion Services NOT found in db, adding 
Intestinal Health and Colon Hydrotherapy NOT found in db, adding 
J Tofield, MD NOT found in db, adding 
MIDS, Inc. NOT found in db, adding 
Medical Claims Service  NOT found in db, adding 
Millennium Medicine NOT found in db, adding 
Outpatient Care Institute NOT found in db, adding 
Saguaro Clinic of Oriental Medicine NOT found in db, adding 
Southwest Physicians Network NOT found in db, adding 
Spirit of Service, Inc. NOT found in db, adding 
Stressmaster NOT found in db, adding 
Valley Fever Center For Excellence NOT found in db, adding 
VisionQuest NOT found in db, adding 
PRocessing /home/sites/iwtucson/oldbiz/Health_and_Beauty.html
 José Hair & Day Spa NOT found in db, adding 
Arizona Massage & Healing Arts NOT found in db, adding 
Bellisima NOT found in db, adding 
Dave Scharlau's Enterprises NOT found in db, adding 
Diane Seago Atkins NOT found in db, adding 
Markley Salon  NOT found in db, adding 
Mountain Valley Ventures, Inc. NOT found in db, adding 
Peaceful Spirit Therapeutic Massage Center NOT found in db, adding 
Superior Natural Oils International, Inc. NOT found in db, adding 
PRocessing /home/sites/iwtucson/oldbiz/Hobby_Shops.html
Animated Objects, Inc.  NOT found in db, adding 
Bob's Rock Shop  NOT found in db, adding 
Grand Central Railway Station of Cyberspace NOT found in db, adding 
The Armory NOT found in db, adding 
Tucson Post Card Exchange Club NOT found in db, adding 
PRocessing /home/sites/iwtucson/oldbiz/Home_Builders.html
Adobe Homes  NOT found in db, adding 
Canoa Homes NOT found in db, adding 
Golden Star Properties Inc. NOT found in db, adding 
Sandlin & Son Construction Inc. NOT found in db, adding 
Santa Rita Springs/Dorn Communities NOT found in db, adding 
The Becklin Company LLC. NOT found in db, adding 
The Genesee Company NOT found in db, adding 
PRocessing /home/sites/iwtucson/oldbiz/Home_and_Garden.html
AquaDesign International  NOT found in db, adding 
Arizona Cactus & Succulent Research, Inc. NOT found in db, adding 
Blinds Parts NOT found in db, adding 
Buglogical Control Systems NOT found in db, adding 
CastArt, Inc. NOT found in db, adding 
D & D Service Co. NOT found in db, adding 
Greenhouse Supplies NOT found in db, adding 
Hammer Contracting & Design Company NOT found in db, adding 
Natural Selections, Inc. NOT found in db, adding 
NetMedia, Inc. NOT found in db, adding 
Pronto Restoration NOT found in db, adding 
San Pedro Mesquite Company NOT found in db, adding 
T&T Services, L.L.C. NOT found in db, adding 
The Desert Buckeye NOT found in db, adding 
The Magic Garden NOT found in db, adding 
The Parts Room NOT found in db, adding 
Wedge-Loc Co. Inc. NOT found in db, adding 
PRocessing /home/sites/iwtucson/oldbiz/Human_Resources.html
Gevity NOT found in db, adding 
Jorgensen Healthcare Associates, Inc. NOT found in db, adding 
PRocessing /home/sites/iwtucson/oldbiz/Imaging.html
Apogee CCD Imaging NOT found in db, adding 
Eglin Photographic Productions NOT found in db, adding 
Photo-Tech, Inc. NOT found in db, adding 
PRocessing /home/sites/iwtucson/oldbiz/Industrial_Supplies.html
AGM Container Controls, Inc. NOT found in db, adding 
Advanced Calibration Designs, Inc. NOT found in db, adding 
All About Export Inc NOT found in db, adding 
B-CAM Inc. NOT found in db, adding 
Ballast Technologies, Inc. NOT found in db, adding 
Catalina Tool & Mold, Inc. NOT found in db, adding 
Glo-Quartz® Inc. NOT found in db, adding 
Innovative Lasers Corporation NOT found in db, adding 
Plastic Plus, Inc. NOT found in db, adding 
Pumpworld NOT found in db, adding 
QRP, Inc. NOT found in db, adding 
Redington Land & Cattle Company NOT found in db, adding 
SAECO, Inc. NOT found in db, adding 
SR Science, Inc. NOT found in db, adding 
Sanitary Supply Company Inc. NOT found in db, adding 
State Industrial Supply NOT found in db, adding 
PRocessing /home/sites/iwtucson/oldbiz/Instruments.html
Infrared Laboratories NOT found in db, adding 
Intelligent Instrumentation, Inc. NOT found in db, adding 
PRocessing /home/sites/iwtucson/oldbiz/Interior_Design.html
Bomhoff Inc. NOT found in db, adding 
Kim Rasmussen, ASID NOT found in db, adding 
Lazy Jacks Hammocks NOT found in db, adding 
PRocessing /home/sites/iwtucson/oldbiz/Internet_Services.html
*** Cutting Edge Web Designs *** NOT found in db, adding 
1st Internet CardSolutions  NOT found in db, adding 
2001 NOT found in db, adding 
@ Bisbee Arizona NOT found in db, adding 
A-1 Virtual Assistant - Sercretarial & Administrat520-409-5089 NOT found in db, adding 
APEX Web Technologies LLC NOT found in db, adding 
Aces Research Inc. NOT found in db, adding 
Alpha Web Design NOT found in db, adding 
An Archive Server NOT found in db, adding 
Arizona Web Hosting  NOT found in db, adding 
Artistic Design Services NOT found in db, adding 
Bella Vista Web Services NOT found in db, adding 
Cactus Custom Computers NOT found in db, adding 
Claw Internet Marketing Services NOT found in db, adding 
Co-Op Web NOT found in db, adding 
Cochise County Internet Inc.  NOT found in db, adding 
Compuhlp NOT found in db, adding 
Corazon del Oro NOT found in db, adding 
Cutting Edge Web Designs NOT found in db, adding 
CyberLinks Promotion Services  NOT found in db, adding 
DML Consulting NOT found in db, adding 
Dakota Communications  NOT found in db, adding 
DesertNet Designs NOT found in db, adding 
Diversified Business Consulting NOT found in db, adding 
DomainGems NOT found in db, adding 
DomainZoo.com, Inc. NOT found in db, adding 
Eris Design NOT found in db, adding 
FireBird Webs NOT found in db, adding 
Freakypixel New Media NOT found in db, adding 
GET-A-SITE Internet Architects NOT found in db, adding 
Gain Communications, Inc. (GCI)  NOT found in db, adding 
Global Presence NOT found in db, adding 
HCS Inc--Tucson, Arizona  NOT found in db, adding 
Halice Web Development NOT found in db, adding 
InterNet Solutions Team NOT found in db, adding 
International Perspectives NOT found in db, adding 
Internet Business Solutions NOT found in db, adding 
Internet Systems Integration NOT found in db, adding 
Internet WorkShop NOT found in db, adding 
Interzone, Inc.  NOT found in db, adding 
JCA Unlimited, LLC. NOT found in db, adding 
KayaBound Publishing NOT found in db, adding 
Lone Rider Productions' Lrpdesigns NOT found in db, adding 
Mall Sales, Inc. NOT found in db, adding 
Maplegate Technologies NOT found in db, adding 
Net-ConX NOT found in db, adding 
NetOutcomes.com NOT found in db, adding 
Northlink Internet Services NOT found in db, adding 
Old Pueblo Internet NOT found in db, adding 
Paoli Web Design NOT found in db, adding 
Payless Web Sites NOT found in db, adding 
PixieNet Promotions NOT found in db, adding 
PlanNet Internet Solutions  NOT found in db, adding 
Protels home page NOT found in db, adding 
Results Direct  NOT found in db, adding 
SahuaroNet NOT found in db, adding 
Sharp & Associates NOT found in db, adding 
Spider Interactive NOT found in db, adding 
StarNet NOT found in db, adding 
Suncastle : Internet Services NOT found in db, adding 
Sunrise Business Solutions NOT found in db, adding 
The Forgach Studio,  Web Design NOT found in db, adding 
The Web Smart - Custom Web Design NOT found in db, adding 
Tucson Web Creation NOT found in db, adding 
Tucson Web Designs NOT found in db, adding 
Tucson Webs NOT found in db, adding 
Vantage One Communications Group, Inc. NOT found in db, adding 
WBC Imaging NOT found in db, adding 
Web Creations Etc. NOT found in db, adding 
Web Emporium NOT found in db, adding 
Web Foundry Design NOT found in db, adding 
Web Net Ventures NOT found in db, adding 
Web Technologies NOT found in db, adding 
Weber Communications NOT found in db, adding 
Where it's @ NOT found in db, adding 
Worldwide Web Creations NOT found in db, adding 
Your Business Online NOT found in db, adding 
digitalArizona NOT found in db, adding 
hostuniverse.com NOT found in db, adding 
kamper.com  NOT found in db, adding 
PRocessing /home/sites/iwtucson/oldbiz/Investigative_Servic.html
Kilpatrick & Associates NOT found in db, adding 
PRocessing /home/sites/iwtucson/oldbiz/Jewelry.html
Antique Reflections, Inc. NOT found in db, adding 
Kokopelli Traders NOT found in db, adding 
Lane Lapidary  NOT found in db, adding 
Microsculptures NOT found in db, adding 
Mineralab NOT found in db, adding 
Mobius Pendant NOT found in db, adding 
Sterling Silver Rings NOT found in db, adding 
PRocessing /home/sites/iwtucson/oldbiz/Law_Support_Service.html
PRocessing /home/sites/iwtucson/oldbiz/Manufacturing.html
AEROFAB, Inc NOT found in db, adding 
AlliedSignal Aerospace Equipment Systems  NOT found in db, adding 
Artisoft Inc  NOT found in db, adding 
Offshore International, Inc. NOT found in db, adding 
Parallel Ventures, Inc. NOT found in db, adding 
Sunquest Information Systems, Inc. NOT found in db, adding 
Vanguard Automation, Inc. NOT found in db, adding 
PRocessing /home/sites/iwtucson/oldbiz/Marketing_Agencies.html
Dennis Creps: Rave Results NOT found in db, adding 
Desert Horizons Online Resources, LLP NOT found in db, adding 
LTD Direct Marketing, Inc. NOT found in db, adding 
Phone Solutions NOT found in db, adding 
The Bablove Ridgewood Workgroup NOT found in db, adding 
PRocessing /home/sites/iwtucson/oldbiz/Medical_Services.html
PRocessing /home/sites/iwtucson/oldbiz/Mining_and_Mineral.html
Modular Mining Systems NOT found in db, adding 
Performance Associates International, Inc. NOT found in db, adding 
Split Engineering NOT found in db, adding 
The Winters Company NOT found in db, adding 
PRocessing /home/sites/iwtucson/oldbiz/Music.html
Arizona University Recordings NOT found in db, adding 
Bank One Tucson International Mariachi Conference NOT found in db, adding 
Charles Ervin Violins, Inc. NOT found in db, adding 
Crash Landing Productions NOT found in db, adding 
Euphoria World Wide Music NOT found in db, adding 
Free mp3 music download by Tom Costello NOT found in db, adding 
J. Coinman Music NOT found in db, adding 
Jim Pavett NOT found in db, adding 
Mock Brawn Records NOT found in db, adding 
Schoff Vocal Studio NOT found in db, adding 
The FUN DJs NOT found in db, adding 
The Mollys  NOT found in db, adding 
The Tucson Beat  NOT found in db, adding 
Transatlantic Management NOT found in db, adding 
Tucson Horizon Chorus NOT found in db, adding 
Tucson Junior Strings NOT found in db, adding 
PRocessing /home/sites/iwtucson/oldbiz/Nature.html
GEARS  NOT found in db, adding 
PRocessing /home/sites/iwtucson/oldbiz/Office_Supplies.html
PRocessing /home/sites/iwtucson/oldbiz/Optics.html
Astronomical Consultants & Equipment, Inc. NOT found in db, adding 
Breault Research Organization, Inc.  NOT found in db, adding 
Creath Optineering Consulting Services NOT found in db, adding 
HEXTEK Corporation NOT found in db, adding 
MedOptics Corporation NOT found in db, adding 
Phase Shift Technology NOT found in db, adding 
Spectral Instruments, Inc. NOT found in db, adding 
PRocessing /home/sites/iwtucson/oldbiz/Outdoors.html
Back Outdoor Supplies NOT found in db, adding 
Butterfield RV Resort NOT found in db, adding 
Diving Duds NOT found in db, adding 
Double Adobe R.V. Park & Campground NOT found in db, adding 
Fun Country RV's & Marine Inc. NOT found in db, adding 
High Desert Adventures NOT found in db, adding 
Oasis RV NOT found in db, adding 
Tail Winds NOT found in db, adding 
PRocessing /home/sites/iwtucson/oldbiz/Personals.html
PRocessing /home/sites/iwtucson/oldbiz/Pets.html
PRocessing /home/sites/iwtucson/oldbiz/Photography.html
Arizona Wedding Images  NOT found in db, adding 
BC PhotoArts NOT found in db, adding 
BIG R CAMERA NOT found in db, adding 
Balfour Walker Studios NOT found in db, adding 
Carlos A. Alvarez Professional Photography NOT found in db, adding 
Centric Photo Processing NOT found in db, adding 
D. J.'s Photography and Video NOT found in db, adding 
Digitized Memories NOT found in db, adding 
Ed Flores Photography NOT found in db, adding 
Envisions Photography NOT found in db, adding 
Gary Auerbach Photography NOT found in db, adding 
Heritage Wedding Photography NOT found in db, adding 
Jack Dykinga Photography NOT found in db, adding 
Jim Reed Photography  NOT found in db, adding 
Michael R. Stoklos Photography NOT found in db, adding 
Nightingale Albums LLC NOT found in db, adding 
PiXeLHeads Digital Camera Rental NOT found in db, adding 
Simpson & Sutton Photography  NOT found in db, adding 
Ted Hewitt Photography NOT found in db, adding 
Tucson-Sunset NOT found in db, adding 
PRocessing /home/sites/iwtucson/oldbiz/Postal_Services.html
Federal Express NOT found in db, adding 
Packaging Solutions NOT found in db, adding 
The Mailbox Place NOT found in db, adding 
PRocessing /home/sites/iwtucson/oldbiz/Printing.html
Advance Printing Co.  NOT found in db, adding 
Insty-Prints (Tanque Verde)  NOT found in db, adding 
Livingston's Offset Printing, Inc. NOT found in db, adding 
Tucson Newspapers NOT found in db, adding 
PRocessing /home/sites/iwtucson/oldbiz/Psychics.html
Robert E. McLendon NOT found in db, adding 
PRocessing /home/sites/iwtucson/oldbiz/Publications.html
PRocessing /home/sites/iwtucson/oldbiz/Publishing.html
Blueshift Studios NOT found in db, adding 
Canyonlands Publishing Inc. NOT found in db, adding 
Dennis McMillan Publications NOT found in db, adding 
PRocessing /home/sites/iwtucson/oldbiz/Quality.html
PRocessing /home/sites/iwtucson/oldbiz/Radio_Stations.html
93.7 KRQQ Tucson Arizona NOT found in db, adding 
94.9 MIXfm NOT found in db, adding 
KIIM 99.5 FM Radio / KCUB Radio  NOT found in db, adding 
KLPX 96 Radio NOT found in db, adding 
KMXZ 94.9 Radio NOT found in db, adding 
PRocessing /home/sites/iwtucson/oldbiz/Real_Estate_Agents.html
A P L  Properties, L.L.C. NOT found in db, adding 
ABCD Realty, Ltd. NOT found in db, adding 
ALL Brokers, Inc. NOT found in db, adding 
Alan & Caroline Freedman NOT found in db, adding 
Alan & Roxie's Free Tucson Real Estate Guide NOT found in db, adding 
Allen, Marni - Casas Adobe Realty NOT found in db, adding 
Americas Home  NOT found in db, adding 
Arizona Land by Dick Pomroy, Sierra Vista, AZ NOT found in db, adding 
Arizona Real Estate - The Perrys NOT found in db, adding 
Betty Slattery Real Estate NOT found in db, adding 
Bill Mack, Tubac AZ NOT found in db, adding 
Brad Sensenbach & Greg Hollman - Tucson, AZ NOT found in db, adding 
Brenda O'Brien - Long Realty Company NOT found in db, adding 
CENTURY 21 Dick Smith REALTORS NOT found in db, adding 
CENTURY 21 Gateway West Realty NOT found in db, adding 
Cathy Porterfield, Realtor NOT found in db, adding 
Cimarron Properties NOT found in db, adding 
Coldwell Banker Success Realty-Bruce Schulman NOT found in db, adding 
Coldwell Banker Success, Nan Mackstaller,CRS,GRI NOT found in db, adding 
Colwell Banker Success-Steve Moseley NOT found in db, adding 
Damion Alexander, GRI  NOT found in db, adding 
Daniel B. Chambers CRS, GRI NOT found in db, adding 
Dee Wiese, CRS NOT found in db, adding 
Della and Ron Sanford, Tucson Realtor NOT found in db, adding 
Discover the Jim Jacobs Advantage/Long Realty NOT found in db, adding 
Don Ernle, Residential Realtor NOT found in db, adding 
Donna Gallagher/Coldwell Banker NOT found in db, adding 
ERA Gem, Terry Bishop NOT found in db, adding 
Finest Care Homes of AZ, Inc.  NOT found in db, adding 
Foster & Foster Enterprises NOT found in db, adding 
Gene Thiel, CRS, GRI NOT found in db, adding 
George LeBarge, Accredited Buyers Representative NOT found in db, adding 
Glenda Hawkins, Coldwell Banker Success Realty NOT found in db, adding 
Green Valley Area/Up to 3000 Acres for Sale NOT found in db, adding 
Home Illustrated NOT found in db, adding 
Hunter Douglas Properties, Inc. NOT found in db, adding 
Ida & Jerry Niwnski, Tucson Realtors NOT found in db, adding 
J Pat Rumbaugh, Realtor NOT found in db, adding 
Jerry Allen, GRI, REALTOR® NOT found in db, adding 
Karla Finch, Realtor NOT found in db, adding 
La Canada Realtors NOT found in db, adding 
Larry Mann ABR, GRI, Realtor NOT found in db, adding 
Lu Chesser, CRS, G.R.I. NOT found in db, adding 
Lynn Warren's Real Estate NOT found in db, adding 
McNiel, Reece - La Corona De Tucson Realty NOT found in db, adding 
MexicoRealty.com NOT found in db, adding 
Michelle & Dan Whitney  NOT found in db, adding 
Mountain Vista Realty NOT found in db, adding 
Myles Realty 2001 NOT found in db, adding 
Nancy Deschamps, Realtor NOT found in db, adding 
Oracle Realty NOT found in db, adding 
Puerto Penasco Real Estate NOT found in db, adding 
R. L. Jones Custom House Brokers, Inc. NOT found in db, adding 
REALTOR.COM/RealSelect Tucson, Arizona NOT found in db, adding 
REALTY EXECUTIVES of Tucson - Linda Peterson NOT found in db, adding 
Re/Max Vista One Realty NOT found in db, adding 
RealPros Professional Real Estate NOT found in db, adding 
Ron Zack - Roy Long Realty NOT found in db, adding 
Roy Hannon, Realtor  NOT found in db, adding 
Sally Adams, GRI NOT found in db, adding 
Sam Golden, CRS  NOT found in db, adding 
Sara & Chuck Block, Realtor NOT found in db, adding 
Scott Andrews NOT found in db, adding 
Sheri Abernathey, Realtor NOT found in db, adding 
Sierra Vista Realty NOT found in db, adding 
Sonlight Realty Investment Corporation NOT found in db, adding 
Su Casa Real Estate Inc. NOT found in db, adding 
Sue Cartun, CRS GRI LT NOT found in db, adding 
Sue Hill and Rick Sack NOT found in db, adding 
Tanya D. Buttner NOT found in db, adding 
The Jean Mabry Group NOT found in db, adding 
The Prudential Tower Realty NOT found in db, adding 
Tierra Realty & Development - Tucson NOT found in db, adding 
Tucson Arizona Real Estate  NOT found in db, adding 
Tucson Open HOuse NOT found in db, adding 
Tucson Realtor, KC Woods NOT found in db, adding 
Tucson Realty & Trust Co.   NOT found in db, adding 
Tucson Relocation, Tucson Agents and Properities NOT found in db, adding 
Upcountry Realty - Tucson, AZ NOT found in db, adding 
Vince Volpe & Associates NOT found in db, adding 
Wayne D. Anderson, Associate NOT found in db, adding 
Yellowstone Realty NOT found in db, adding 
Your Broker Connection NOT found in db, adding 
PRocessing /home/sites/iwtucson/oldbiz/Recreational_Equipme.html
PRocessing /home/sites/iwtucson/oldbiz/Resorts.html
Canyon Ranch, Inc. NOT found in db, adding 
Cowboy-Up Adventures NOT found in db, adding 
El Adobe Ranch NOT found in db, adding 
Rex Ranch Guest Ranch and Resort  NOT found in db, adding 
Tanque Verde Ranch NOT found in db, adding 
PRocessing /home/sites/iwtucson/oldbiz/Restaurant.html
Cafe and Kona Coffee NOT found in db, adding 
Jalapeno Cafe NOT found in db, adding 
Cielos/ Poet's Corner NOT found in db, adding 
Delectables Restaurant & Catering NOT found in db, adding 
The Tack Room NOT found in db, adding 
 Tucson Central Dining Guide NOT found in db, adding 
Tucson Show Guide - Restaurants Guide NOT found in db, adding 
PRocessing /home/sites/iwtucson/oldbiz/Retailers.html
Dillard Department Stores, Inc. NOT found in db, adding 
Global Village Shop NOT found in db, adding 
Mercury Enterprise NOT found in db, adding 
Mervyns NOT found in db, adding 
Nationwide Discount Smokes NOT found in db, adding 
Sears NOT found in db, adding 
PRocessing /home/sites/iwtucson/oldbiz/Retirement_Communiti.html
PRocessing /home/sites/iwtucson/oldbiz/Retirement_Community.html
Green Valley Recreation, Inc. NOT found in db, adding 
PRocessing /home/sites/iwtucson/oldbiz/Scientific.html
Apoptosis Quality Control Workstation NOT found in db, adding 
PRocessing /home/sites/iwtucson/oldbiz/Security.html
Mountain West Supply Co. NOT found in db, adding 
PRocessing /home/sites/iwtucson/oldbiz/Singles.html
D.A.W.N. NOT found in db, adding 
The Nature Loop  NOT found in db, adding 
PRocessing /home/sites/iwtucson/oldbiz/Speakers.html
PRocessing /home/sites/iwtucson/oldbiz/Sports.html
DoomsDai 'S Boxing NOT found in db, adding 
Heritage Highlands Golf & Country Club NOT found in db, adding 
Raven Learning and Performance Center NOT found in db, adding 
Raytheon Employees SCUBA Club NOT found in db, adding 
Star Pass Golf Club NOT found in db, adding 
Tucson Magpies RFC NOT found in db, adding 
Tucson Mirage Football NOT found in db, adding 
Tucson Volkssport Klub NOT found in db, adding 
Scottsdale, AZ 85254 NOT found in db, adding 
PRocessing /home/sites/iwtucson/oldbiz/Storage.html
Executive Self Storage Associates, Inc. - Tucson NOT found in db, adding 
Layman/Lelli moving and storage inc. NOT found in db, adding 
PRocessing /home/sites/iwtucson/oldbiz/Test.html
PRocessing /home/sites/iwtucson/oldbiz/Test_Equipment.html
PRocessing /home/sites/iwtucson/oldbiz/Trade_Shows.html
PRocessing /home/sites/iwtucson/oldbiz/Translation_Svcs.html
Acecom International NOT found in db, adding 
Dvorak International Linguistics NOT found in db, adding 
PRocessing /home/sites/iwtucson/oldbiz/Transportation.html
AutoGo Auto Transport NOT found in db, adding 
Kindelspire Classics Inc. NOT found in db, adding 
Sonoran Tours NOT found in db, adding 
Sunset Limousine Service NOT found in db, adding 
PRocessing /home/sites/iwtucson/oldbiz/Travel_Agencies.html
Bowers Worldwide Travel Management NOT found in db, adding 
Canyons Worldwide NOT found in db, adding 
Cruise Control Travel NOT found in db, adding 
Hotel Travel Network NOT found in db, adding 
ITI Travel Inc. NOT found in db, adding 
Monument View Tours NOT found in db, adding 
Peachin & Peachin NOT found in db, adding 
S & S Tours NOT found in db, adding 
Sabino Canyon Tours, Inc.  NOT found in db, adding 
Sea Turtle Cruises  NOT found in db, adding 
Shirley Hockett - Cruises and Tours NOT found in db, adding 
SmartCruisers NOT found in db, adding 
Speedway Travel  NOT found in db, adding 
Spirit Steps NOT found in db, adding 
Sunbird Flight Services, Inc NOT found in db, adding 
PRocessing /home/sites/iwtucson/oldbiz/Utilities.html
Community Water Company of Green Valley NOT found in db, adding 
SouthWest Gas NOT found in db, adding 
PRocessing /home/sites/iwtucson/oldbiz/Vacation_Property.html
Mexico Real Estate & Travel - (Vacation Rentals) NOT found in db, adding 
National Wright Realty Inc. NOT found in db, adding 
Rocky Point, Sonora, Mexico Vacation Rental NOT found in db, adding 
PRocessing /home/sites/iwtucson/oldbiz/Weapons.html
Apacheria Traders NOT found in db, adding 
CWP Division NOT found in db, adding 
PRocessing /home/sites/iwtucson/oldbiz/Weather.html
PRocessing /home/sites/iwtucson/oldbiz/Wedding.html
Joyful Celebrations, Inc. NOT found in db, adding 
Unique Wedding Professionals for Tucson, AZ NOT found in db, adding 
PRocessing /home/sites/iwtucson/oldbiz/catlist.html
Accomodations NOT found in db, adding 
Accounting NOT found in db, adding 
Adoption Services NOT found in db, adding 
Advertising NOT found in db, adding 
Agriculture NOT found in db, adding 
Airlines NOT found in db, adding 
Animals NOT found in db, adding 
Apartments NOT found in db, adding 
Architects NOT found in db, adding 
Architecture  NOT found in db, adding 
Arts and Crafts NOT found in db, adding 
Attorneys NOT found in db, adding 
Audio NOT found in db, adding 
Auto NOT found in db, adding 
Aviation  NOT found in db, adding 
Bicycles NOT found in db, adding 
Books NOT found in db, adding 
Business NOT found in db, adding 
Business Information NOT found in db, adding 
Classifieds NOT found in db, adding 
Cleaning NOT found in db, adding 
Clothing NOT found in db, adding 
Collectibles NOT found in db, adding 
Communications NOT found in db, adding 
Community Groups NOT found in db, adding 
Computer NOT found in db, adding 
Construction NOT found in db, adding 
Consulting NOT found in db, adding 
Coupons NOT found in db, adding 
Distributors NOT found in db, adding 
Editorial Services NOT found in db, adding 
Education NOT found in db, adding 
Electronics NOT found in db, adding 
Employment NOT found in db, adding 
Engineering NOT found in db, adding 
Entertainment NOT found in db, adding 
Environment NOT found in db, adding 
Events & Shows NOT found in db, adding 
Facility Management NOT found in db, adding 
Family & Child Care NOT found in db, adding 
Financial NOT found in db, adding 
Flowers and Gifts NOT found in db, adding 
Food NOT found in db, adding 
Food Specialties NOT found in db, adding 
Franchises NOT found in db, adding 
Fund Raising NOT found in db, adding 
Funerals NOT found in db, adding 
Furniture NOT found in db, adding 
Genealogy NOT found in db, adding 
Graphics NOT found in db, adding 
Hair Salons NOT found in db, adding 
Health NOT found in db, adding 
Health Care NOT found in db, adding 
Health and Beauty NOT found in db, adding 
Hobby Shops NOT found in db, adding 
Home Builders NOT found in db, adding 
Home and Garden NOT found in db, adding 
Human Resources NOT found in db, adding 
Imaging NOT found in db, adding 
Industrial Supplies NOT found in db, adding 
Instruments NOT found in db, adding 
Interior Design NOT found in db, adding 
Internet Services NOT found in db, adding 
Investigative Servic NOT found in db, adding 
Jewelry NOT found in db, adding 
Law Support Service NOT found in db, adding 
Manufacturing NOT found in db, adding 
Marketing Agencies NOT found in db, adding 
Medical Services NOT found in db, adding 
Mining and Mineral NOT found in db, adding 
Music NOT found in db, adding 
Nature NOT found in db, adding 
Office Supplies NOT found in db, adding 
Optics NOT found in db, adding 
Outdoors NOT found in db, adding 
Personals NOT found in db, adding 
Pets NOT found in db, adding 
Photography NOT found in db, adding 
Postal Services NOT found in db, adding 
Printing NOT found in db, adding 
Psychics NOT found in db, adding 
Publications NOT found in db, adding 
Publishing NOT found in db, adding 
Quality NOT found in db, adding 
Radio Stations NOT found in db, adding 
Real Estate Agents NOT found in db, adding 
Recreational Equipme NOT found in db, adding 
Resorts NOT found in db, adding 
Restaurant NOT found in db, adding 
Retailers NOT found in db, adding 
Retirement Communiti NOT found in db, adding 
Retirement Community NOT found in db, adding 
Scientific NOT found in db, adding 
Security NOT found in db, adding 
Singles NOT found in db, adding 
Speakers NOT found in db, adding 
Sports NOT found in db, adding 
Storage NOT found in db, adding 
Test Equipment NOT found in db, adding 
Trade Shows NOT found in db, adding 
Translation Svcs NOT found in db, adding 
Transportation NOT found in db, adding 
Travel Agencies NOT found in db, adding 
Utilities NOT found in db, adding 
Vacation Property NOT found in db, adding 
Weapons NOT found in db, adding 
Weather NOT found in db, adding 
